begin
[615, 472257.08409146016, 2163203657.996306]
0
begin
[460, 504942.75998191687, 1657354225.4328616]
1
begin
[460, 504942.75998191687, 1657354225.4328616]
2
begin
[460, 504114.90509342076, 1657442776.6434581]
3
begin
[460, 503092.85894487606, 1657526649.376108]
4
begin
[460, 504942.75998191687, 1657354225.4328616]
5
begin
[412, 494770.64893937187, 1760037299.6751993]
6
begin
[412, 494990.43264382106, 1756836462.4541082]
7
begin
[492, 445971.4530872371, 1569422101.424221]
8
begin
[492, 445914.15810343804, 1569374715.0010417]
9
begin
[492, 445887.53689693596, 1569432430.7803884]
10
begin
[492, 445820.0301624201, 1569308713.8450756]
11
begin
[492, 445813.99397679785, 1569383896.6581357]
12
begin
[492, 445812.79790950275, 1569388819.4870765]
13
begin
[492, 445905.8306552206, 1569725975.3890848]
14
begin
[492, 445832.1410924238, 1569303872.936244]
15
begin
[492, 445809.49574942334, 1515444252.363174]
16
begin
[492, 445814.8060190909, 1569382458.2504113]
17
begin
[492, 445814.64721552125, 1569380949.6006448]
18
begin
[492, 445140.044914072, 1571067882.5802436]
19
begin
[492, 445915.92145508184, 1569364064.2318466]
20
begin
[492, 445936.1874724191, 1569350796.411573]
21
begin
[43, 517830.8041569702, 1629521447.533078]
22
begin
[46, 464628.2484299362, 1607449560.0107656]
23
begin
[46, 518601.45615055587, 1566832368.8651826]
24
begin
[43, 452835.8277758708, 1543344096.7788155]
25
begin
[31, 453281.5119836046, 1534415058.8099437]
26
begin
[31, 514770.2467961632, 1627357024.98046]
27
begin
[31, 517286.46966765507, 1979439233.4400353]
28
begin
[31, 509404.17333581543, 1644598687.22402]
29
begin
[31, 510451.9918631197, 1622602563.8893187]
30
begin
[31, 510820.908921291, 1649539534.1849463]
31
begin
[31, 517861.07645672024, 1625482395.8275008]
32
begin
[31, 501532.02553030255, 1702036454.4040945]
33
begin
[31, 513933.1574696385, 1624702108.186929]
34
begin
[31, 487813.75018288504, 1692741652.6966362]
35
begin
[31, 549070.0469783825, 1673698860.4373379]
36
begin
[31, 496193.41796394263, 1494562766.0707014]
37
begin
[31, 528616.7688276513, 1956805799.7204132]
38
begin
[31, 519115.81222600763, 1642866051.057347]
39
begin
[99, 445435.4230075712, 1623919837.004767]
40
begin
[99, 445530.2265613116, 1616685486.9624965]
41
begin
[22, 451922.85895683424, 1537389850.2931798]
42
begin
[22, 511778.60995196213, 1502178427.0880265]
43
begin
[22, 518424.44249253906, 1474671264.6086826]
44
begin
[22, 514666.1741453644, 1501396720.7433736]
45
begin
[22, 510832.0845669711, 1640126440.0293422]
46
begin
[22, 452885.26440587884, 1535371269.2633355]
47
begin
[22, 510110.67413329653, 1619471344.7749922]
48
begin
[22, 482429.5594405015, 1555224830.9585898]
49
begin
[22, 463249.3955815423, 1683696715.4752913]
50
begin
[22, 454356.59017163917, 1496839200.1407766]
51
begin
[49, 452486.81595758465, 1568418750.8583856]
52
begin
[123, 452449.2675321459, 1497643048.4120502]
53
begin
[123, 451014.93117302906, 1507768359.5309784]
54
begin
[123, 452540.2204136173, 1497215695.2962394]
55
begin
[43, 452675.9161762226, 1517537292.0703177]
56
begin
[131, 434214.205205432, 1562865782.627881]
57
begin
[137, 439109.89554957947, 1538240949.208699]
58
begin
[136, 439227.3307683516, 1531082611.4580243]
59
begin
[533, 430144.6411590723, 1728694596.1525297]
60
begin
[123, 452693.65259752556, 1494272591.2632265]
61
begin
[77, 452464.37992646627, 1496248116.6788816]
62
begin
[77, 453621.64862105314, 1371480675.4369233]
63
begin
[15, 495879.7836186437, 1672774805.055213]
64
begin
[15, 495481.16979905084, 1530170190.8143294]
65
begin
[15, 455534.0559105832, 1526447465.9802377]
66
begin
[15, 454245.4800660603, 1788259457.3405826]
67
begin
[15, 577861.3137723601, 1684212104.8041012]
68
begin
[15, 498438.04918289924, 1491007154.9992301]
69
begin
[15, 532818.5835918046, 1496671265.2142048]
70
begin
[15, 452649.728838825, 1488786787.611594]
71
begin
[127, 446197.5340700465, 1522732175.101]
72
begin
[127, 443273.9613751524, 1883807033.5655508]
73
begin
[127, 446972.60301206197, 1520864915.9262114]
74
begin
[127, 442462.12447675335, 1512933857.0243366]
75
begin
[287, 434160.97095428116, 1641727870.9056208]
76
begin
[287, 433821.5224346144, 1872437708.353406]
77
begin
[287, 433451.7986236926, 1537642588.526634]
78
begin
[287, 433981.32414160797, 1547224202.9474385]
79
begin
[287, 434027.8708317553, 1546984414.8683267]
80
begin
[209, 432955.90034391073, 1347129771.6929774]
81
begin
[209, 433220.6923757299, 1552978748.715704]
82
begin
[209, 433156.70826124743, 1577289402.9804542]
83
begin
[209, 433318.45211660146, 1550617419.7809305]
84
begin
[209, 448432.17194620107, 1363280023.029784]
85
begin
[209, 434230.2759733105, 1554214380.476529]
86
begin
[209, 433397.2144410038, 1563343117.3348804]
87
begin
[289, 448567.15152847726, 1535212841.1039429]
88
begin
[86, 437607.1108189523, 1641358580.7604494]
89
begin
[336, 439764.46350045333, 1466146941.8327146]
90
begin
[336, 439842.83897152223, 1744822172.5646384]
91
begin
[336, 438847.6376213352, 1749014478.3845086]
92
begin
[617, 422769.5258083037, 2135471773.4673915]
93
begin
[289, 448978.48359304457, 1506305500.2162669]
94
begin
[492, 430959.7829378315, 1704094591.1091914]
95
begin
[615, 416103.95495866454, 2034790156.0607054]
96
begin
[615, 416669.93190348026, 2175282674.8113675]
97
begin
[289, 443207.8575691143, 1394094947.9138696]
98
begin
[289, 440672.93841562484, 1443250512.6175592]
99
4936: is[289, 440672.93841562484, 1443250512.6175592]
5104: is[191, 447194.77730453527, 1524250713.2118452]
5038: is[15, 453499.19645125716, 1488210387.6597958]
5351: is[123, 452388.4437813564, 1344206695.6549034]
5054: is[494, 425754.2739163876, 1562595215.59311]
4457: is[15, 452892.4369808968, 1488950104.806003]
5077: is[205, 451530.3149407777, 1492553466.459508]
5238: is[152, 441619.85995766113, 1627085670.9531236]
5353: is[453, 416602.98693054, 2165504631.85797]
5305: is[451, 440405.2095375874, 1525657675.5885115]
4832: is[23, 452770.3531756755, 1497342496.6269557]
5364: is[248, 448599.87531981897, 1506871802.3479588]
5341: is[224, 446597.8139132437, 1511672462.286866]
5387: is[207, 443987.41164133005, 1527802192.4445071]
5399: is[615, 415912.6005512729, 2379514132.7380624]
5401: is[451, 431348.0221177097, 1760539288.5540307]
5403: is[453, 438723.3802561563, 1538208448.9140532]
5404: is[207, 451288.5083419598, 1499787597.793301]
5412: is[58, 452745.7346272907, 1488090779.2531657]
5429: is[617, 409051.14716134383, 1971664841.0494435]
5433: is[287, 449001.77565319266, 1505495657.844134]

Best genome: 
Key: 4936
Fitness: [289, 440672.93841562484, 1443250512.6175592]
Nodes:
	0 DefaultNodeGene(key=0, bias=-0.047680432957973674, response=1.0, activation=gauss, aggregation=sum)
	481 DefaultNodeGene(key=481, bias=-0.37320204802106954, response=1.0, activation=gauss, aggregation=sum)
Connections:
	DefaultConnectionGene(key=(-2, 0), weight=0.8615570089630931, enabled=False)
	DefaultConnectionGene(key=(-2, 481), weight=1.0, enabled=True)
	DefaultConnectionGene(key=(481, 0), weight=0.8615570089630931, enabled=True)
Error: no "view" mailcap rules found for type "image/svg+xml"
Unable to connect to VS Code server: Error in request.
Error: connect ENOENT /run/user/0/vscode-ipc-ade10684-e22b-4650-a3d4-bc03a27fe2a6.sock
    at PipeConnectWrap.afterConnect [as oncomplete] (node:net:1494:16) {
  errno: -2,
  code: 'ENOENT',
  syscall: 'connect',
  address: '/run/user/0/vscode-ipc-ade10684-e22b-4650-a3d4-bc03a27fe2a6.sock'
}
Unable to connect to VS Code server: Error in request.
Error: connect ENOENT /run/user/0/vscode-ipc-ade10684-e22b-4650-a3d4-bc03a27fe2a6.sock
    at PipeConnectWrap.afterConnect [as oncomplete] (node:net:1494:16) {
  errno: -2,
  code: 'ENOENT',
  syscall: 'connect',
  address: '/run/user/0/vscode-ipc-ade10684-e22b-4650-a3d4-bc03a27fe2a6.sock'
}
xdg-open: no method available for opening 'Digraph.gv.svg'
